<?xml version="1.0" encoding="UTF-8"?>
<!-- Generated by org.testng.reporters.JUnitXMLReporter -->
<testsuite hostname="Ayses-MBP.home" ignored="6" name="Default test" tests="1" failures="0" timestamp="17 May 2020 05:27:29 GMT" time="15.151" errors="0">
  <testcase name="applePlayer" time="8.392" classname="TestPages.HomePageTest"/>
  <testcase name="chatBox" time="0.0" classname="TestPages.HomePageTest">
    <ignored/>
  </testcase> <!-- chatBox -->
  <testcase name="selectLanguage" time="0.0" classname="TestPages.HomePageTest">
    <ignored/>
  </testcase> <!-- selectLanguage -->
  <testcase name="getHeader" time="0.0" classname="TestPages.HomePageTest">
    <ignored/>
  </testcase> <!-- getHeader -->
  <testcase name="flexiblePackages" time="0.0" classname="TestPages.HomePageTest">
    <ignored/>
  </testcase> <!-- flexiblePackages -->
  <testcase name="getTitleHomePage" time="0.0" classname="TestPages.HomePageTest">
    <ignored/>
  </testcase> <!-- getTitleHomePage -->
  <testcase name="verifyingGooglePlayer" time="0.0" classname="TestPages.HomePageTest">
    <ignored/>
  </testcase> <!-- verifyingGooglePlayer -->
</testsuite> <!-- Default test -->
